<?xml version="1.0" encoding="UTF-8"?>
<coverage generated="1582243195713" clover="3.2.0">
  <project timestamp="1582243195713" name="All files">
    <metrics statements="36" coveredstatements="36" conditionals="2" coveredconditionals="2" methods="9" coveredmethods="9" elements="47" coveredelements="47" complexity="0" loc="36" ncloc="36" packages="1" files="9" classes="9"/>
    <file name="Categories.js" path="/Users/tylersayvetz/Documents/Code Fellows/401/lab-08-api-server/src/models/Categories.js">
      <metrics statements="4" coveredstatements="4" conditionals="0" coveredconditionals="0" methods="1" coveredmethods="1"/>
      <line num="1" count="1" type="stmt"/>
      <line num="2" count="1" type="stmt"/>
      <line num="6" count="1" type="stmt"/>
      <line num="11" count="1" type="stmt"/>
    </file>
    <file name="Customers.js" path="/Users/tylersayvetz/Documents/Code Fellows/401/lab-08-api-server/src/models/Customers.js">
      <metrics statements="4" coveredstatements="4" conditionals="0" coveredconditionals="0" methods="1" coveredmethods="1"/>
      <line num="1" count="1" type="stmt"/>
      <line num="2" count="1" type="stmt"/>
      <line num="6" count="1" type="stmt"/>
      <line num="10" count="1" type="stmt"/>
    </file>
    <file name="Orders.js" path="/Users/tylersayvetz/Documents/Code Fellows/401/lab-08-api-server/src/models/Orders.js">
      <metrics statements="4" coveredstatements="4" conditionals="0" coveredconditionals="0" methods="1" coveredmethods="1"/>
      <line num="1" count="1" type="stmt"/>
      <line num="2" count="1" type="stmt"/>
      <line num="6" count="1" type="stmt"/>
      <line num="10" count="1" type="stmt"/>
    </file>
    <file name="Products.js" path="/Users/tylersayvetz/Documents/Code Fellows/401/lab-08-api-server/src/models/Products.js">
      <metrics statements="4" coveredstatements="4" conditionals="0" coveredconditionals="0" methods="1" coveredmethods="1"/>
      <line num="1" count="1" type="stmt"/>
      <line num="2" count="1" type="stmt"/>
      <line num="6" count="1" type="stmt"/>
      <line num="11" count="1" type="stmt"/>
    </file>
    <file name="categories-schema.js" path="/Users/tylersayvetz/Documents/Code Fellows/401/lab-08-api-server/src/models/categories-schema.js">
      <metrics statements="3" coveredstatements="3" conditionals="0" coveredconditionals="0" methods="0" coveredmethods="0"/>
      <line num="1" count="1" type="stmt"/>
      <line num="3" count="1" type="stmt"/>
      <line num="7" count="1" type="stmt"/>
    </file>
    <file name="customers-schema.js" path="/Users/tylersayvetz/Documents/Code Fellows/401/lab-08-api-server/src/models/customers-schema.js">
      <metrics statements="3" coveredstatements="3" conditionals="0" coveredconditionals="0" methods="0" coveredmethods="0"/>
      <line num="1" count="1" type="stmt"/>
      <line num="3" count="1" type="stmt"/>
      <line num="9" count="1" type="stmt"/>
    </file>
    <file name="mongo-model.js" path="/Users/tylersayvetz/Documents/Code Fellows/401/lab-08-api-server/src/models/mongo-model.js">
      <metrics statements="8" coveredstatements="8" conditionals="2" coveredconditionals="2" methods="5" coveredmethods="5"/>
      <line num="3" count="4" type="stmt"/>
      <line num="7" count="12" type="stmt"/>
      <line num="8" count="12" type="stmt"/>
      <line num="12" count="8" type="cond" truecount="2" falsecount="0"/>
      <line num="13" count="8" type="stmt"/>
      <line num="17" count="4" type="stmt"/>
      <line num="21" count="4" type="stmt"/>
      <line num="26" count="4" type="stmt"/>
    </file>
    <file name="orders-schema.js" path="/Users/tylersayvetz/Documents/Code Fellows/401/lab-08-api-server/src/models/orders-schema.js">
      <metrics statements="3" coveredstatements="3" conditionals="0" coveredconditionals="0" methods="0" coveredmethods="0"/>
      <line num="1" count="1" type="stmt"/>
      <line num="3" count="1" type="stmt"/>
      <line num="11" count="1" type="stmt"/>
    </file>
    <file name="products-schema.js" path="/Users/tylersayvetz/Documents/Code Fellows/401/lab-08-api-server/src/models/products-schema.js">
      <metrics statements="3" coveredstatements="3" conditionals="0" coveredconditionals="0" methods="0" coveredmethods="0"/>
      <line num="1" count="1" type="stmt"/>
      <line num="3" count="1" type="stmt"/>
      <line num="8" count="1" type="stmt"/>
    </file>
  </project>
</coverage>
