{"/Users/tylersayvetz/Documents/Code Fellows/401/lab-08-api-server/src/app.js": {"path":"/Users/tylersayvetz/Documents/Code Fellows/401/lab-08-api-server/src/app.js","statementMap":{"0":{"start":{"line":1,"column":16},"end":{"line":1,"column":34}},"1":{"start":{"line":2,"column":15},"end":{"line":2,"column":32}},"2":{"start":{"line":3,"column":12},"end":{"line":3,"column":21}},"3":{"start":{"line":4,"column":13},"end":{"line":4,"column":28}},"4":{"start":{"line":7,"column":59},"end":{"line":7,"column":93}},"5":{"start":{"line":9,"column":0},"end":{"line":9,"column":24}},"6":{"start":{"line":10,"column":0},"end":{"line":10,"column":24}},"7":{"start":{"line":11,"column":0},"end":{"line":11,"column":15}},"8":{"start":{"line":15,"column":19},"end":{"line":15,"column":49}},"9":{"start":{"line":16,"column":17},"end":{"line":16,"column":45}},"10":{"start":{"line":17,"column":18},"end":{"line":17,"column":47}},"11":{"start":{"line":18,"column":15},"end":{"line":18,"column":44}},"12":{"start":{"line":21,"column":18},"end":{"line":21,"column":33}},"13":{"start":{"line":22,"column":19},"end":{"line":22,"column":35}},"14":{"start":{"line":23,"column":17},"end":{"line":23,"column":31}},"15":{"start":{"line":24,"column":15},"end":{"line":24,"column":27}},"16":{"start":{"line":34,"column":20},"end":{"line":34,"column":36}},"17":{"start":{"line":35,"column":2},"end":{"line":35,"column":47}},"18":{"start":{"line":36,"column":2},"end":{"line":55,"column":3}},"19":{"start":{"line":38,"column":6},"end":{"line":38,"column":29}},"20":{"start":{"line":39,"column":6},"end":{"line":39,"column":13}},"21":{"start":{"line":40,"column":6},"end":{"line":40,"column":12}},"22":{"start":{"line":42,"column":6},"end":{"line":42,"column":27}},"23":{"start":{"line":43,"column":6},"end":{"line":43,"column":13}},"24":{"start":{"line":44,"column":6},"end":{"line":44,"column":12}},"25":{"start":{"line":46,"column":6},"end":{"line":46,"column":28}},"26":{"start":{"line":47,"column":6},"end":{"line":47,"column":12}},"27":{"start":{"line":48,"column":6},"end":{"line":48,"column":12}},"28":{"start":{"line":50,"column":6},"end":{"line":50,"column":25}},"29":{"start":{"line":51,"column":6},"end":{"line":51,"column":13}},"30":{"start":{"line":52,"column":6},"end":{"line":52,"column":12}},"31":{"start":{"line":54,"column":6},"end":{"line":54,"column":62}},"32":{"start":{"line":60,"column":0},"end":{"line":62,"column":2}},"33":{"start":{"line":61,"column":2},"end":{"line":61,"column":52}},"34":{"start":{"line":63,"column":0},"end":{"line":63,"column":33}},"35":{"start":{"line":65,"column":0},"end":{"line":65,"column":30}},"36":{"start":{"line":66,"column":0},"end":{"line":66,"column":34}},"37":{"start":{"line":67,"column":0},"end":{"line":67,"column":32}},"38":{"start":{"line":68,"column":0},"end":{"line":68,"column":34}},"39":{"start":{"line":69,"column":0},"end":{"line":69,"column":40}},"40":{"start":{"line":73,"column":24},"end":{"line":73,"column":51}},"41":{"start":{"line":74,"column":0},"end":{"line":74,"column":25}},"42":{"start":{"line":76,"column":35},"end":{"line":76,"column":62}},"43":{"start":{"line":77,"column":0},"end":{"line":77,"column":36}},"44":{"start":{"line":80,"column":16},"end":{"line":80,"column":21}},"45":{"start":{"line":81,"column":0},"end":{"line":95,"column":1}},"46":{"start":{"line":84,"column":4},"end":{"line":93,"column":5}},"47":{"start":{"line":85,"column":19},"end":{"line":85,"column":51}},"48":{"start":{"line":86,"column":6},"end":{"line":89,"column":8}},"49":{"start":{"line":88,"column":8},"end":{"line":88,"column":56}},"50":{"start":{"line":90,"column":6},"end":{"line":90,"column":23}},"51":{"start":{"line":92,"column":6},"end":{"line":92,"column":48}}},"fnMap":{"0":{"name":"getModelType","decl":{"start":{"line":33,"column":9},"end":{"line":33,"column":21}},"loc":{"start":{"line":33,"column":38},"end":{"line":56,"column":1}},"line":33},"1":{"name":"(anonymous_1)","decl":{"start":{"line":60,"column":21},"end":{"line":60,"column":22}},"loc":{"start":{"line":60,"column":41},"end":{"line":62,"column":1}},"line":60},"2":{"name":"(anonymous_2)","decl":{"start":{"line":83,"column":9},"end":{"line":83,"column":10}},"loc":{"start":{"line":83,"column":25},"end":{"line":94,"column":3}},"line":83},"3":{"name":"(anonymous_3)","decl":{"start":{"line":86,"column":23},"end":{"line":86,"column":24}},"loc":{"start":{"line":86,"column":29},"end":{"line":89,"column":7}},"line":86}},"branchMap":{"0":{"loc":{"start":{"line":36,"column":2},"end":{"line":55,"column":3}},"type":"switch","locations":[{"start":{"line":37,"column":4},"end":{"line":40,"column":12}},{"start":{"line":41,"column":4},"end":{"line":44,"column":12}},{"start":{"line":45,"column":4},"end":{"line":48,"column":12}},{"start":{"line":49,"column":4},"end":{"line":52,"column":12}},{"start":{"line":53,"column":4},"end":{"line":54,"column":62}}],"line":36},"1":{"loc":{"start":{"line":84,"column":4},"end":{"line":93,"column":5}},"type":"if","locations":[{"start":{"line":84,"column":4},"end":{"line":93,"column":5}},{"start":{"line":84,"column":4},"end":{"line":93,"column":5}}],"line":84},"2":{"loc":{"start":{"line":85,"column":19},"end":{"line":85,"column":51}},"type":"binary-expr","locations":[{"start":{"line":85,"column":19},"end":{"line":85,"column":23}},{"start":{"line":85,"column":27},"end":{"line":85,"column":43}},{"start":{"line":85,"column":47},"end":{"line":85,"column":51}}],"line":85}},"s":{"0":1,"1":1,"2":1,"3":1,"4":1,"5":1,"6":1,"7":1,"8":1,"9":1,"10":1,"11":1,"12":1,"13":1,"14":1,"15":1,"16":8,"17":8,"18":8,"19":4,"20":4,"21":4,"22":1,"23":1,"24":1,"25":1,"26":1,"27":1,"28":1,"29":1,"30":1,"31":1,"32":1,"33":1,"34":1,"35":1,"36":1,"37":1,"38":1,"39":1,"40":1,"41":1,"42":1,"43":1,"44":1,"45":1,"46":0,"47":0,"48":0,"49":0,"50":0,"51":0},"f":{"0":8,"1":1,"2":0,"3":0},"b":{"0":[4,1,1,1,1],"1":[0,0],"2":[0,0,0]},"_coverageSchema":"1a1c01bbd47fc00a2c39e90264f33305004495a9","hash":"d38c5f46dd13885d5338d3536d630380e4fdeccf"}
,"/Users/tylersayvetz/Documents/Code Fellows/401/lab-08-api-server/src/api/lib/routeHandlers.js": {"path":"/Users/tylersayvetz/Documents/Code Fellows/401/lab-08-api-server/src/api/lib/routeHandlers.js","statementMap":{"0":{"start":{"line":3,"column":16},"end":{"line":3,"column":50}},"1":{"start":{"line":4,"column":2},"end":{"line":8,"column":24}},"2":{"start":{"line":6,"column":6},"end":{"line":6,"column":71}},"3":{"start":{"line":14,"column":2},"end":{"line":14,"column":48}},"4":{"start":{"line":14,"column":17},"end":{"line":14,"column":48}},"5":{"start":{"line":15,"column":2},"end":{"line":18,"column":6}},"6":{"start":{"line":17,"column":6},"end":{"line":17,"column":36}},"7":{"start":{"line":24,"column":2},"end":{"line":24,"column":80}},"8":{"start":{"line":24,"column":35},"end":{"line":24,"column":80}},"9":{"start":{"line":25,"column":2},"end":{"line":28,"column":6}},"10":{"start":{"line":27,"column":6},"end":{"line":27,"column":36}},"11":{"start":{"line":33,"column":2},"end":{"line":33,"column":83}},"12":{"start":{"line":33,"column":22},"end":{"line":33,"column":83}},"13":{"start":{"line":34,"column":2},"end":{"line":37,"column":6}},"14":{"start":{"line":36,"column":6},"end":{"line":36,"column":36}},"15":{"start":{"line":41,"column":0},"end":{"line":43,"column":1}}},"fnMap":{"0":{"name":"handleGet","decl":{"start":{"line":2,"column":9},"end":{"line":2,"column":18}},"loc":{"start":{"line":2,"column":35},"end":{"line":9,"column":1}},"line":2},"1":{"name":"(anonymous_1)","decl":{"start":{"line":5,"column":10},"end":{"line":5,"column":11}},"loc":{"start":{"line":5,"column":21},"end":{"line":7,"column":5}},"line":5},"2":{"name":"handlePost","decl":{"start":{"line":13,"column":9},"end":{"line":13,"column":19}},"loc":{"start":{"line":13,"column":36},"end":{"line":19,"column":1}},"line":13},"3":{"name":"(anonymous_3)","decl":{"start":{"line":16,"column":10},"end":{"line":16,"column":11}},"loc":{"start":{"line":16,"column":21},"end":{"line":18,"column":5}},"line":16},"4":{"name":"handlePut","decl":{"start":{"line":23,"column":9},"end":{"line":23,"column":18}},"loc":{"start":{"line":23,"column":35},"end":{"line":30,"column":1}},"line":23},"5":{"name":"(anonymous_5)","decl":{"start":{"line":26,"column":10},"end":{"line":26,"column":11}},"loc":{"start":{"line":26,"column":21},"end":{"line":28,"column":5}},"line":26},"6":{"name":"handleDelete","decl":{"start":{"line":32,"column":9},"end":{"line":32,"column":21}},"loc":{"start":{"line":32,"column":38},"end":{"line":38,"column":1}},"line":32},"7":{"name":"(anonymous_7)","decl":{"start":{"line":35,"column":10},"end":{"line":35,"column":11}},"loc":{"start":{"line":35,"column":21},"end":{"line":37,"column":5}},"line":35}},"branchMap":{"0":{"loc":{"start":{"line":3,"column":16},"end":{"line":3,"column":50}},"type":"cond-expr","locations":[{"start":{"line":3,"column":32},"end":{"line":3,"column":45}},{"start":{"line":3,"column":48},"end":{"line":3,"column":50}}],"line":3},"1":{"loc":{"start":{"line":14,"column":2},"end":{"line":14,"column":48}},"type":"if","locations":[{"start":{"line":14,"column":2},"end":{"line":14,"column":48}},{"start":{"line":14,"column":2},"end":{"line":14,"column":48}}],"line":14},"2":{"loc":{"start":{"line":24,"column":2},"end":{"line":24,"column":80}},"type":"if","locations":[{"start":{"line":24,"column":2},"end":{"line":24,"column":80}},{"start":{"line":24,"column":2},"end":{"line":24,"column":80}}],"line":24},"3":{"loc":{"start":{"line":24,"column":6},"end":{"line":24,"column":33}},"type":"binary-expr","locations":[{"start":{"line":24,"column":6},"end":{"line":24,"column":20}},{"start":{"line":24,"column":24},"end":{"line":24,"column":33}}],"line":24},"4":{"loc":{"start":{"line":33,"column":2},"end":{"line":33,"column":83}},"type":"if","locations":[{"start":{"line":33,"column":2},"end":{"line":33,"column":83}},{"start":{"line":33,"column":2},"end":{"line":33,"column":83}}],"line":33}},"s":{"0":4,"1":4,"2":4,"3":1,"4":0,"5":1,"6":1,"7":1,"8":0,"9":1,"10":1,"11":1,"12":0,"13":1,"14":1,"15":1},"f":{"0":4,"1":4,"2":1,"3":1,"4":1,"5":1,"6":1,"7":1},"b":{"0":[0,4],"1":[0,1],"2":[0,1],"3":[1,1],"4":[0,1]},"_coverageSchema":"1a1c01bbd47fc00a2c39e90264f33305004495a9","hash":"3d60acd4bb4fec25a41bf89356b42a53bdc34303"}
,"/Users/tylersayvetz/Documents/Code Fellows/401/lab-08-api-server/src/middleware/404.js": {"path":"/Users/tylersayvetz/Documents/Code Fellows/401/lab-08-api-server/src/middleware/404.js","statementMap":{"0":{"start":{"line":1,"column":0},"end":{"line":3,"column":1}},"1":{"start":{"line":2,"column":2},"end":{"line":2,"column":60}}},"fnMap":{"0":{"name":"error404Handler","decl":{"start":{"line":1,"column":26},"end":{"line":1,"column":41}},"loc":{"start":{"line":1,"column":58},"end":{"line":3,"column":1}},"line":1}},"branchMap":{},"s":{"0":1,"1":1},"f":{"0":1},"b":{},"_coverageSchema":"1a1c01bbd47fc00a2c39e90264f33305004495a9","hash":"87f1c40d9f693067e9ccb10596b36879aebc3d30"}
,"/Users/tylersayvetz/Documents/Code Fellows/401/lab-08-api-server/src/middleware/500.js": {"path":"/Users/tylersayvetz/Documents/Code Fellows/401/lab-08-api-server/src/middleware/500.js","statementMap":{"0":{"start":{"line":1,"column":0},"end":{"line":3,"column":1}},"1":{"start":{"line":2,"column":2},"end":{"line":2,"column":46}}},"fnMap":{"0":{"name":"internalServerErrorHandler","decl":{"start":{"line":1,"column":26},"end":{"line":1,"column":52}},"loc":{"start":{"line":1,"column":74},"end":{"line":3,"column":1}},"line":1}},"branchMap":{},"s":{"0":1,"1":2},"f":{"0":2},"b":{},"_coverageSchema":"1a1c01bbd47fc00a2c39e90264f33305004495a9","hash":"38dee97a1ccbf7d84ce0a5724357edebfb6864d9"}
,"/Users/tylersayvetz/Documents/Code Fellows/401/lab-08-api-server/src/models/Categories.js": {"path":"/Users/tylersayvetz/Documents/Code Fellows/401/lab-08-api-server/src/models/Categories.js","statementMap":{"0":{"start":{"line":1,"column":15},"end":{"line":1,"column":45}},"1":{"start":{"line":2,"column":14},"end":{"line":2,"column":38}},"2":{"start":{"line":6,"column":4},"end":{"line":6,"column":18}},"3":{"start":{"line":11,"column":0},"end":{"line":11,"column":28}}},"fnMap":{"0":{"name":"(anonymous_0)","decl":{"start":{"line":5,"column":2},"end":{"line":5,"column":3}},"loc":{"start":{"line":5,"column":16},"end":{"line":7,"column":3}},"line":5}},"branchMap":{},"s":{"0":2,"1":2,"2":2,"3":2},"f":{"0":2},"b":{},"_coverageSchema":"1a1c01bbd47fc00a2c39e90264f33305004495a9","hash":"05b0a0168b00b1378b1efa34c592db6f02e6282b"}
,"/Users/tylersayvetz/Documents/Code Fellows/401/lab-08-api-server/src/models/Customers.js": {"path":"/Users/tylersayvetz/Documents/Code Fellows/401/lab-08-api-server/src/models/Customers.js","statementMap":{"0":{"start":{"line":1,"column":15},"end":{"line":1,"column":44}},"1":{"start":{"line":2,"column":14},"end":{"line":2,"column":38}},"2":{"start":{"line":6,"column":4},"end":{"line":6,"column":17}},"3":{"start":{"line":10,"column":0},"end":{"line":10,"column":26}}},"fnMap":{"0":{"name":"(anonymous_0)","decl":{"start":{"line":5,"column":2},"end":{"line":5,"column":3}},"loc":{"start":{"line":5,"column":16},"end":{"line":7,"column":3}},"line":5}},"branchMap":{},"s":{"0":2,"1":2,"2":2,"3":2},"f":{"0":2},"b":{},"_coverageSchema":"1a1c01bbd47fc00a2c39e90264f33305004495a9","hash":"cfa3124679859fcc5c997c638a13091242ffe4c0"}
,"/Users/tylersayvetz/Documents/Code Fellows/401/lab-08-api-server/src/models/Orders.js": {"path":"/Users/tylersayvetz/Documents/Code Fellows/401/lab-08-api-server/src/models/Orders.js","statementMap":{"0":{"start":{"line":1,"column":15},"end":{"line":1,"column":41}},"1":{"start":{"line":2,"column":14},"end":{"line":2,"column":38}},"2":{"start":{"line":6,"column":4},"end":{"line":6,"column":17}},"3":{"start":{"line":10,"column":0},"end":{"line":10,"column":24}}},"fnMap":{"0":{"name":"(anonymous_0)","decl":{"start":{"line":5,"column":2},"end":{"line":5,"column":3}},"loc":{"start":{"line":5,"column":16},"end":{"line":7,"column":3}},"line":5}},"branchMap":{},"s":{"0":2,"1":2,"2":2,"3":2},"f":{"0":2},"b":{},"_coverageSchema":"1a1c01bbd47fc00a2c39e90264f33305004495a9","hash":"1fdf01f4388237c751f40fd709bd7f0ae1df4762"}
,"/Users/tylersayvetz/Documents/Code Fellows/401/lab-08-api-server/src/models/Products.js": {"path":"/Users/tylersayvetz/Documents/Code Fellows/401/lab-08-api-server/src/models/Products.js","statementMap":{"0":{"start":{"line":1,"column":15},"end":{"line":1,"column":46}},"1":{"start":{"line":2,"column":14},"end":{"line":2,"column":38}},"2":{"start":{"line":6,"column":4},"end":{"line":6,"column":18}},"3":{"start":{"line":11,"column":0},"end":{"line":11,"column":26}}},"fnMap":{"0":{"name":"(anonymous_0)","decl":{"start":{"line":5,"column":2},"end":{"line":5,"column":3}},"loc":{"start":{"line":5,"column":16},"end":{"line":7,"column":3}},"line":5}},"branchMap":{},"s":{"0":2,"1":2,"2":2,"3":2},"f":{"0":2},"b":{},"_coverageSchema":"1a1c01bbd47fc00a2c39e90264f33305004495a9","hash":"0bdda576e00269c4837b26ad195ae99e8552f765"}
,"/Users/tylersayvetz/Documents/Code Fellows/401/lab-08-api-server/src/models/categories-schema.js": {"path":"/Users/tylersayvetz/Documents/Code Fellows/401/lab-08-api-server/src/models/categories-schema.js","statementMap":{"0":{"start":{"line":1,"column":17},"end":{"line":1,"column":36}},"1":{"start":{"line":3,"column":25},"end":{"line":5,"column":2}},"2":{"start":{"line":7,"column":0},"end":{"line":7,"column":64}}},"fnMap":{},"branchMap":{},"s":{"0":2,"1":2,"2":2},"f":{},"b":{},"_coverageSchema":"1a1c01bbd47fc00a2c39e90264f33305004495a9","hash":"8cf6f448b57fd109244fea48612e7e2fb181f972"}
,"/Users/tylersayvetz/Documents/Code Fellows/401/lab-08-api-server/src/models/customers-schema.js": {"path":"/Users/tylersayvetz/Documents/Code Fellows/401/lab-08-api-server/src/models/customers-schema.js","statementMap":{"0":{"start":{"line":1,"column":17},"end":{"line":1,"column":36}},"1":{"start":{"line":3,"column":24},"end":{"line":7,"column":2}},"2":{"start":{"line":9,"column":0},"end":{"line":9,"column":62}}},"fnMap":{},"branchMap":{},"s":{"0":2,"1":2,"2":2},"f":{},"b":{},"_coverageSchema":"1a1c01bbd47fc00a2c39e90264f33305004495a9","hash":"2105944f6cf367fcf5239a3e2134f10c01532a92"}
,"/Users/tylersayvetz/Documents/Code Fellows/401/lab-08-api-server/src/models/mongo-model.js": {"path":"/Users/tylersayvetz/Documents/Code Fellows/401/lab-08-api-server/src/models/mongo-model.js","statementMap":{"0":{"start":{"line":3,"column":4},"end":{"line":3,"column":25}},"1":{"start":{"line":7,"column":22},"end":{"line":7,"column":45}},"2":{"start":{"line":8,"column":4},"end":{"line":8,"column":28}},"3":{"start":{"line":12,"column":21},"end":{"line":12,"column":41}},"4":{"start":{"line":13,"column":4},"end":{"line":13,"column":37}},"5":{"start":{"line":17,"column":4},"end":{"line":17,"column":45}},"6":{"start":{"line":21,"column":4},"end":{"line":21,"column":67}},"7":{"start":{"line":26,"column":0},"end":{"line":26,"column":23}}},"fnMap":{"0":{"name":"(anonymous_0)","decl":{"start":{"line":2,"column":2},"end":{"line":2,"column":3}},"loc":{"start":{"line":2,"column":22},"end":{"line":4,"column":3}},"line":2},"1":{"name":"(anonymous_1)","decl":{"start":{"line":6,"column":2},"end":{"line":6,"column":3}},"loc":{"start":{"line":6,"column":17},"end":{"line":9,"column":3}},"line":6},"2":{"name":"(anonymous_2)","decl":{"start":{"line":11,"column":2},"end":{"line":11,"column":3}},"loc":{"start":{"line":11,"column":12},"end":{"line":14,"column":3}},"line":11},"3":{"name":"(anonymous_3)","decl":{"start":{"line":16,"column":2},"end":{"line":16,"column":3}},"loc":{"start":{"line":16,"column":14},"end":{"line":18,"column":3}},"line":16},"4":{"name":"(anonymous_4)","decl":{"start":{"line":20,"column":2},"end":{"line":20,"column":3}},"loc":{"start":{"line":20,"column":22},"end":{"line":22,"column":3}},"line":20}},"branchMap":{"0":{"loc":{"start":{"line":12,"column":21},"end":{"line":12,"column":41}},"type":"cond-expr","locations":[{"start":{"line":12,"column":26},"end":{"line":12,"column":36}},{"start":{"line":12,"column":39},"end":{"line":12,"column":41}}],"line":12}},"s":{"0":8,"1":13,"2":13,"3":12,"4":12,"5":5,"6":5,"7":5},"f":{"0":8,"1":13,"2":12,"3":5,"4":5},"b":{"0":[4,8]},"_coverageSchema":"1a1c01bbd47fc00a2c39e90264f33305004495a9","hash":"32f404a3756a738e41bd14726410fe67f8c1b6a1"}
,"/Users/tylersayvetz/Documents/Code Fellows/401/lab-08-api-server/src/models/orders-schema.js": {"path":"/Users/tylersayvetz/Documents/Code Fellows/401/lab-08-api-server/src/models/orders-schema.js","statementMap":{"0":{"start":{"line":1,"column":17},"end":{"line":1,"column":36}},"1":{"start":{"line":3,"column":21},"end":{"line":9,"column":2}},"2":{"start":{"line":11,"column":0},"end":{"line":11,"column":56}}},"fnMap":{},"branchMap":{},"s":{"0":2,"1":2,"2":2},"f":{},"b":{},"_coverageSchema":"1a1c01bbd47fc00a2c39e90264f33305004495a9","hash":"0da12b0c846e95a7288d82f2c3cf4256d46af645"}
,"/Users/tylersayvetz/Documents/Code Fellows/401/lab-08-api-server/src/models/products-schema.js": {"path":"/Users/tylersayvetz/Documents/Code Fellows/401/lab-08-api-server/src/models/products-schema.js","statementMap":{"0":{"start":{"line":1,"column":17},"end":{"line":1,"column":36}},"1":{"start":{"line":3,"column":22},"end":{"line":6,"column":2}},"2":{"start":{"line":8,"column":0},"end":{"line":8,"column":59}}},"fnMap":{},"branchMap":{},"s":{"0":2,"1":2,"2":2},"f":{},"b":{},"_coverageSchema":"1a1c01bbd47fc00a2c39e90264f33305004495a9","hash":"09a12594193006dfa6650e1c9e71f8f09070b057"}
}
