TN:
SF:src/app.js
FN:33,getModelType
FN:60,(anonymous_1)
FN:83,(anonymous_2)
FN:86,(anonymous_3)
FNF:4
FNH:2
FNDA:8,getModelType
FNDA:1,(anonymous_1)
FNDA:0,(anonymous_2)
FNDA:0,(anonymous_3)
DA:1,1
DA:2,1
DA:3,1
DA:4,1
DA:7,1
DA:9,1
DA:10,1
DA:11,1
DA:15,1
DA:16,1
DA:17,1
DA:18,1
DA:21,1
DA:22,1
DA:23,1
DA:24,1
DA:34,8
DA:35,8
DA:36,8
DA:38,4
DA:39,4
DA:40,4
DA:42,1
DA:43,1
DA:44,1
DA:46,1
DA:47,1
DA:48,1
DA:50,1
DA:51,1
DA:52,1
DA:54,1
DA:60,1
DA:61,1
DA:63,1
DA:65,1
DA:66,1
DA:67,1
DA:68,1
DA:69,1
DA:73,1
DA:74,1
DA:76,1
DA:77,1
DA:80,1
DA:81,1
DA:84,0
DA:85,0
DA:86,0
DA:88,0
DA:90,0
DA:92,0
LF:52
LH:46
BRDA:36,0,0,4
BRDA:36,0,1,1
BRDA:36,0,2,1
BRDA:36,0,3,1
BRDA:36,0,4,1
BRDA:84,1,0,0
BRDA:84,1,1,0
BRDA:85,2,0,0
BRDA:85,2,1,0
BRDA:85,2,2,0
BRF:10
BRH:5
end_of_record
TN:
SF:src/api/lib/routeHandlers.js
FN:2,handleGet
FN:5,(anonymous_1)
FN:13,handlePost
FN:16,(anonymous_3)
FN:23,handlePut
FN:26,(anonymous_5)
FN:32,handleDelete
FN:35,(anonymous_7)
FNF:8
FNH:8
FNDA:4,handleGet
FNDA:4,(anonymous_1)
FNDA:1,handlePost
FNDA:1,(anonymous_3)
FNDA:1,handlePut
FNDA:1,(anonymous_5)
FNDA:1,handleDelete
FNDA:1,(anonymous_7)
DA:3,4
DA:4,4
DA:6,4
DA:14,1
DA:15,1
DA:17,1
DA:24,1
DA:25,1
DA:27,1
DA:33,1
DA:34,1
DA:36,1
DA:41,1
LF:13
LH:13
BRDA:3,0,0,0
BRDA:3,0,1,4
BRDA:14,1,0,0
BRDA:14,1,1,1
BRDA:24,2,0,0
BRDA:24,2,1,1
BRDA:24,3,0,1
BRDA:24,3,1,1
BRDA:33,4,0,0
BRDA:33,4,1,1
BRF:10
BRH:6
end_of_record
TN:
SF:src/middleware/404.js
FN:1,error404Handler
FNF:1
FNH:1
FNDA:1,error404Handler
DA:1,1
DA:2,1
LF:2
LH:2
BRF:0
BRH:0
end_of_record
TN:
SF:src/middleware/500.js
FN:1,internalServerErrorHandler
FNF:1
FNH:1
FNDA:2,internalServerErrorHandler
DA:1,1
DA:2,2
LF:2
LH:2
BRF:0
BRH:0
end_of_record
TN:
SF:src/models/Categories.js
FN:5,(anonymous_0)
FNF:1
FNH:1
FNDA:2,(anonymous_0)
DA:1,2
DA:2,2
DA:6,2
DA:11,2
LF:4
LH:4
BRF:0
BRH:0
end_of_record
TN:
SF:src/models/Customers.js
FN:5,(anonymous_0)
FNF:1
FNH:1
FNDA:2,(anonymous_0)
DA:1,2
DA:2,2
DA:6,2
DA:10,2
LF:4
LH:4
BRF:0
BRH:0
end_of_record
TN:
SF:src/models/Orders.js
FN:5,(anonymous_0)
FNF:1
FNH:1
FNDA:2,(anonymous_0)
DA:1,2
DA:2,2
DA:6,2
DA:10,2
LF:4
LH:4
BRF:0
BRH:0
end_of_record
TN:
SF:src/models/Products.js
FN:5,(anonymous_0)
FNF:1
FNH:1
FNDA:2,(anonymous_0)
DA:1,2
DA:2,2
DA:6,2
DA:11,2
LF:4
LH:4
BRF:0
BRH:0
end_of_record
TN:
SF:src/models/categories-schema.js
FNF:0
FNH:0
DA:1,2
DA:3,2
DA:7,2
LF:3
LH:3
BRF:0
BRH:0
end_of_record
TN:
SF:src/models/customers-schema.js
FNF:0
FNH:0
DA:1,2
DA:3,2
DA:9,2
LF:3
LH:3
BRF:0
BRH:0
end_of_record
TN:
SF:src/models/mongo-model.js
FN:2,(anonymous_0)
FN:6,(anonymous_1)
FN:11,(anonymous_2)
FN:16,(anonymous_3)
FN:20,(anonymous_4)
FNF:5
FNH:5
FNDA:8,(anonymous_0)
FNDA:13,(anonymous_1)
FNDA:12,(anonymous_2)
FNDA:5,(anonymous_3)
FNDA:5,(anonymous_4)
DA:3,8
DA:7,13
DA:8,13
DA:12,12
DA:13,12
DA:17,5
DA:21,5
DA:26,5
LF:8
LH:8
BRDA:12,0,0,4
BRDA:12,0,1,8
BRF:2
BRH:2
end_of_record
TN:
SF:src/models/orders-schema.js
FNF:0
FNH:0
DA:1,2
DA:3,2
DA:11,2
LF:3
LH:3
BRF:0
BRH:0
end_of_record
TN:
SF:src/models/products-schema.js
FNF:0
FNH:0
DA:1,2
DA:3,2
DA:8,2
LF:3
LH:3
BRF:0
BRH:0
end_of_record
